<?xml version="1.0" encoding="UTF-8"?>
<!-- Generated by org.testng.reporters.JUnitReportReporter -->
<testsuite skipped="0" hostname="AQMIT-DSK-10155" name="runner.Testrunner" tests="1" failures="0" timestamp="03 Jan 2022 15:53:25 GMT" time="43.994" errors="0">
  <testcase name="run" time="43.994" classname="runner.Testrunner"/>
</testsuite> <!-- runner.Testrunner -->
