<?xml version="1.0" encoding="UTF-8"?>
<!-- Generated by org.testng.reporters.JUnitReportReporter -->
<testsuite skipped="0" hostname="AQMIT-DSK-10155" name="moneycontrollogin.Login" tests="1" failures="0" timestamp="31 Dec 2021 02:30:48 GMT" time="62.234" errors="0">
  <testcase name="login" time="62.234" classname="moneycontrollogin.Login"/>
</testsuite> <!-- moneycontrollogin.Login -->
